<?xml version="1.0" encoding="UTF-8"?>
<!-- Generated by org.testng.reporters.JUnitReportReporter -->
<testsuite hostname="DESKTOP-DN1JJDS" failures="0" tests="1" name="org.maven.DummyProject.Runtest" time="0.021" errors="0" timestamp="2023-09-13T16:38:15 IST" skipped="0">
  <testcase classname="org.maven.DummyProject.Runtest" name="method" time="0.021"/>
  <system-out/>
</testsuite> <!-- org.maven.DummyProject.Runtest -->
