<?xml version="1.0" encoding="UTF-8"?>
<!-- Generated by org.testng.reporters.JUnitReportReporter -->
<testsuite hostname="DESKTOP-DN1JJDS" failures="0" tests="2" name="org.maven.DummyProject.Runtest" time="0.015" errors="0" timestamp="2023-10-01T01:26:06 IST" skipped="0">
  <testcase classname="org.maven.DummyProject.Runtest" name="NewMethod" time="0.013"/>
  <system-out/>
  <testcase classname="org.maven.DummyProject.Runtest" name="method" time="0.002"/>
  <system-out/>
</testsuite> <!-- org.maven.DummyProject.Runtest -->
